<?xml version="1.0" encoding="UTF-8"?>
<!-- Generated by org.testng.reporters.JUnitReportReporter -->
<testsuite hostname="DESKTOP-VA6VM32" failures="0" tests="1" name="selenium_grid.Selenium_grid_Chrome3" time="57.469" errors="0" timestamp="2020-12-06T15:14:45 EST" skipped="0">
  <testcase classname="selenium_grid.Selenium_grid_Chrome3" name="runInChrome1" time="57.469"/>
  <system-out/>
</testsuite> <!-- selenium_grid.Selenium_grid_Chrome3 -->
